<?xml version="1.0" encoding="UTF-8"?>
<testsuite name="com.mediscreen.patient.mediscreenPatientControllerTest" tests="5" skipped="0" failures="0" errors="0" timestamp="2022-04-22T13:32:26" hostname="iMac-de-Admin.local" time="0.469">
  <properties/>
  <testcase name="testGetPatients()" classname="com.mediscreen.patient.mediscreenPatientControllerTest" time="0.151"/>
  <testcase name="testGetPatient()" classname="com.mediscreen.patient.mediscreenPatientControllerTest" time="0.094"/>
  <testcase name="testUpdatePatient()" classname="com.mediscreen.patient.mediscreenPatientControllerTest" time="0.2"/>
  <testcase name="testDeletePatient()" classname="com.mediscreen.patient.mediscreenPatientControllerTest" time="0.008"/>
  <testcase name="testCreate()" classname="com.mediscreen.patient.mediscreenPatientControllerTest" time="0.009"/>
  <system-out><![CDATA[2022-04-22 15:32:20.172  INFO 1416 --- [    Test worker] .b.t.a.w.s.WebMvcTestContextBootstrapper : Neither @ContextConfiguration nor @ContextHierarchy found for test class [com.mediscreen.patient.mediscreenPatientControllerTest], using SpringBootContextLoader
2022-04-22 15:32:20.174  INFO 1416 --- [    Test worker] o.s.t.c.support.AbstractContextLoader    : Could not detect default resource locations for test class [com.mediscreen.patient.mediscreenPatientControllerTest]: no resource found for suffixes {-context.xml, Context.groovy}.
2022-04-22 15:32:20.175  INFO 1416 --- [    Test worker] t.c.s.AnnotationConfigContextLoaderUtils : Could not detect default configuration classes for test class [com.mediscreen.patient.mediscreenPatientControllerTest]: mediscreenPatientControllerTest does not declare any static, non-private, non-final, nested classes annotated with @Configuration.
2022-04-22 15:32:20.199  INFO 1416 --- [    Test worker] .b.t.c.SpringBootTestContextBootstrapper : Found @SpringBootConfiguration com.mediscreen.patient.MediscreenPatientApiApplication for test class com.mediscreen.patient.mediscreenPatientControllerTest
2022-04-22 15:32:20.201  INFO 1416 --- [    Test worker] .b.t.a.w.s.WebMvcTestContextBootstrapper : Loaded default TestExecutionListener class names from location [META-INF/spring.factories]: [org.springframework.boot.test.autoconfigure.restdocs.RestDocsTestExecutionListener, org.springframework.boot.test.autoconfigure.web.client.MockRestServiceServerResetTestExecutionListener, org.springframework.boot.test.autoconfigure.web.servlet.MockMvcPrintOnlyOnFailureTestExecutionListener, org.springframework.boot.test.autoconfigure.web.servlet.WebDriverTestExecutionListener, org.springframework.boot.test.autoconfigure.webservices.client.MockWebServiceServerTestExecutionListener, org.springframework.boot.test.mock.mockito.MockitoTestExecutionListener, org.springframework.boot.test.mock.mockito.ResetMocksTestExecutionListener, org.springframework.test.context.web.ServletTestExecutionListener, org.springframework.test.context.support.DirtiesContextBeforeModesTestExecutionListener, org.springframework.test.context.event.ApplicationEventsTestExecutionListener, org.springframework.test.context.support.DependencyInjectionTestExecutionListener, org.springframework.test.context.support.DirtiesContextTestExecutionListener, org.springframework.test.context.transaction.TransactionalTestExecutionListener, org.springframework.test.context.jdbc.SqlScriptsTestExecutionListener, org.springframework.test.context.event.EventPublishingTestExecutionListener]
2022-04-22 15:32:20.202  INFO 1416 --- [    Test worker] .b.t.a.w.s.WebMvcTestContextBootstrapper : Using TestExecutionListeners: [org.springframework.test.context.web.ServletTestExecutionListener@7201aafc, org.springframework.test.context.support.DirtiesContextBeforeModesTestExecutionListener@1ed4c3a9, org.springframework.test.context.event.ApplicationEventsTestExecutionListener@4787b7bd, org.springframework.boot.test.mock.mockito.MockitoTestExecutionListener@73ba068e, org.springframework.boot.test.autoconfigure.SpringBootDependencyInjectionTestExecutionListener@c93044f, org.springframework.test.context.support.DirtiesContextTestExecutionListener@34e257ff, org.springframework.test.context.transaction.TransactionalTestExecutionListener@4ea23481, org.springframework.test.context.jdbc.SqlScriptsTestExecutionListener@6d0fc5ad, org.springframework.test.context.event.EventPublishingTestExecutionListener@79aa053f, org.springframework.boot.test.autoconfigure.restdocs.RestDocsTestExecutionListener@5fd1f85a, org.springframework.boot.test.autoconfigure.web.client.MockRestServiceServerResetTestExecutionListener@88c91d, org.springframework.boot.test.autoconfigure.web.servlet.MockMvcPrintOnlyOnFailureTestExecutionListener@13b9460c, org.springframework.boot.test.autoconfigure.web.servlet.WebDriverTestExecutionListener@3a133ab9, org.springframework.boot.test.autoconfigure.webservices.client.MockWebServiceServerTestExecutionListener@6ad00689, org.springframework.boot.test.mock.mockito.ResetMocksTestExecutionListener@2c56faef]

  .   ____          _            __ _ _
 /\\ / ___'_ __ _ _(_)_ __  __ _ \ \ \ \
( ( )\___ | '_ | '_| | '_ \/ _` | \ \ \ \
 \\/  ___)| |_)| | | | | || (_| |  ) ) ) )
  '  |____| .__|_| |_|_| |_\__, | / / / /
 =========|_|==============|___/=/_/_/_/
 :: Spring Boot ::                (v2.6.2)

2022-04-22 15:32:25.276  INFO 1416 --- [    Test worker] c.m.p.mediscreenPatientControllerTest    : Starting mediscreenPatientControllerTest using Java 11.0.9.1 on iMac-de-Admin.local with PID 1416 (started by mac in /Users/mac/Desktop/OC/eclipse-workplace/MediscreenPatientAPI)
2022-04-22 15:32:25.277  INFO 1416 --- [    Test worker] c.m.p.mediscreenPatientControllerTest    : No active profile set, falling back to default profiles: default
2022-04-22 15:32:26.424  INFO 1416 --- [    Test worker] o.s.b.t.m.w.SpringBootMockServletContext : Initializing Spring TestDispatcherServlet ''
2022-04-22 15:32:26.424  INFO 1416 --- [    Test worker] o.s.t.web.servlet.TestDispatcherServlet  : Initializing Servlet ''
2022-04-22 15:32:26.426  INFO 1416 --- [    Test worker] o.s.t.web.servlet.TestDispatcherServlet  : Completed initialization in 2 ms
2022-04-22 15:32:26.450  INFO 1416 --- [    Test worker] c.m.p.mediscreenPatientControllerTest    : Started mediscreenPatientControllerTest in 6.243 seconds (JVM running for 22.389)
]]></system-out>
  <system-err><![CDATA[]]></system-err>
</testsuite>
