<?xml version="1.0" encoding="UTF-8"?>
<testsuite name="com.mediscreen.patient.mediscreenPatientModelTest" tests="2" skipped="0" failures="0" errors="0" timestamp="2022-04-12T12:47:29" hostname="iMac-de-Admin.local" time="0.139">
  <properties/>
  <testcase name="setPatientTest()" classname="com.mediscreen.patient.mediscreenPatientModelTest" time="0.135"/>
  <testcase name="getPatientTest()" classname="com.mediscreen.patient.mediscreenPatientModelTest" time="0.003"/>
  <system-out><![CDATA[2022-04-12 14:47:29.812  INFO 762 --- [    Test worker] .b.t.c.SpringBootTestContextBootstrapper : Neither @ContextConfiguration nor @ContextHierarchy found for test class [com.mediscreen.patient.mediscreenPatientModelTest], using SpringBootContextLoader
2022-04-12 14:47:29.813  INFO 762 --- [    Test worker] o.s.t.c.support.AbstractContextLoader    : Could not detect default resource locations for test class [com.mediscreen.patient.mediscreenPatientModelTest]: no resource found for suffixes {-context.xml, Context.groovy}.
2022-04-12 14:47:29.814  INFO 762 --- [    Test worker] t.c.s.AnnotationConfigContextLoaderUtils : Could not detect default configuration classes for test class [com.mediscreen.patient.mediscreenPatientModelTest]: mediscreenPatientModelTest does not declare any static, non-private, non-final, nested classes annotated with @Configuration.
2022-04-12 14:47:29.816  INFO 762 --- [    Test worker] .b.t.c.SpringBootTestContextBootstrapper : Found @SpringBootConfiguration com.mediscreen.patient.MediscreenPatientApiApplication for test class com.mediscreen.patient.mediscreenPatientModelTest
2022-04-12 14:47:29.819  INFO 762 --- [    Test worker] .b.t.c.SpringBootTestContextBootstrapper : Loaded default TestExecutionListener class names from location [META-INF/spring.factories]: [org.springframework.boot.test.autoconfigure.restdocs.RestDocsTestExecutionListener, org.springframework.boot.test.autoconfigure.web.client.MockRestServiceServerResetTestExecutionListener, org.springframework.boot.test.autoconfigure.web.servlet.MockMvcPrintOnlyOnFailureTestExecutionListener, org.springframework.boot.test.autoconfigure.web.servlet.WebDriverTestExecutionListener, org.springframework.boot.test.autoconfigure.webservices.client.MockWebServiceServerTestExecutionListener, org.springframework.boot.test.mock.mockito.MockitoTestExecutionListener, org.springframework.boot.test.mock.mockito.ResetMocksTestExecutionListener, org.springframework.test.context.web.ServletTestExecutionListener, org.springframework.test.context.support.DirtiesContextBeforeModesTestExecutionListener, org.springframework.test.context.event.ApplicationEventsTestExecutionListener, org.springframework.test.context.support.DependencyInjectionTestExecutionListener, org.springframework.test.context.support.DirtiesContextTestExecutionListener, org.springframework.test.context.transaction.TransactionalTestExecutionListener, org.springframework.test.context.jdbc.SqlScriptsTestExecutionListener, org.springframework.test.context.event.EventPublishingTestExecutionListener]
2022-04-12 14:47:29.821  INFO 762 --- [    Test worker] .b.t.c.SpringBootTestContextBootstrapper : Using TestExecutionListeners: [org.springframework.test.context.web.ServletTestExecutionListener@7407a308, org.springframework.test.context.support.DirtiesContextBeforeModesTestExecutionListener@3479bc1, org.springframework.test.context.event.ApplicationEventsTestExecutionListener@178029ca, org.springframework.boot.test.mock.mockito.MockitoTestExecutionListener@6d6fea74, org.springframework.boot.test.autoconfigure.SpringBootDependencyInjectionTestExecutionListener@24391b32, org.springframework.test.context.support.DirtiesContextTestExecutionListener@1b9f15e7, org.springframework.test.context.transaction.TransactionalTestExecutionListener@d47a127, org.springframework.test.context.jdbc.SqlScriptsTestExecutionListener@1f69d6b1, org.springframework.test.context.event.EventPublishingTestExecutionListener@7365bee5, org.springframework.boot.test.autoconfigure.restdocs.RestDocsTestExecutionListener@10b6bd43, org.springframework.boot.test.autoconfigure.web.client.MockRestServiceServerResetTestExecutionListener@20c868eb, org.springframework.boot.test.autoconfigure.web.servlet.MockMvcPrintOnlyOnFailureTestExecutionListener@7145ee1d, org.springframework.boot.test.autoconfigure.web.servlet.WebDriverTestExecutionListener@2f09e446, org.springframework.boot.test.autoconfigure.webservices.client.MockWebServiceServerTestExecutionListener@af00841, org.springframework.boot.test.mock.mockito.ResetMocksTestExecutionListener@691cb6c4]
]]></system-out>
  <system-err><![CDATA[]]></system-err>
</testsuite>
