<?xml version="1.0" encoding="UTF-8"?>
<testsuite name="com.mediscreen.patient.mediscreenPatientModelTest" tests="2" skipped="0" failures="0" errors="0" timestamp="2022-04-22T13:32:26" hostname="iMac-de-Admin.local" time="0.155">
  <properties/>
  <testcase name="setPatientTest()" classname="com.mediscreen.patient.mediscreenPatientModelTest" time="0.149"/>
  <testcase name="getPatientTest()" classname="com.mediscreen.patient.mediscreenPatientModelTest" time="0.005"/>
  <system-out><![CDATA[2022-04-22 15:32:26.933  INFO 1416 --- [    Test worker] .b.t.c.SpringBootTestContextBootstrapper : Neither @ContextConfiguration nor @ContextHierarchy found for test class [com.mediscreen.patient.mediscreenPatientModelTest], using SpringBootContextLoader
2022-04-22 15:32:26.935  INFO 1416 --- [    Test worker] o.s.t.c.support.AbstractContextLoader    : Could not detect default resource locations for test class [com.mediscreen.patient.mediscreenPatientModelTest]: no resource found for suffixes {-context.xml, Context.groovy}.
2022-04-22 15:32:26.935  INFO 1416 --- [    Test worker] t.c.s.AnnotationConfigContextLoaderUtils : Could not detect default configuration classes for test class [com.mediscreen.patient.mediscreenPatientModelTest]: mediscreenPatientModelTest does not declare any static, non-private, non-final, nested classes annotated with @Configuration.
2022-04-22 15:32:26.937  INFO 1416 --- [    Test worker] .b.t.c.SpringBootTestContextBootstrapper : Found @SpringBootConfiguration com.mediscreen.patient.MediscreenPatientApiApplication for test class com.mediscreen.patient.mediscreenPatientModelTest
2022-04-22 15:32:26.939  INFO 1416 --- [    Test worker] .b.t.c.SpringBootTestContextBootstrapper : Loaded default TestExecutionListener class names from location [META-INF/spring.factories]: [org.springframework.boot.test.autoconfigure.restdocs.RestDocsTestExecutionListener, org.springframework.boot.test.autoconfigure.web.client.MockRestServiceServerResetTestExecutionListener, org.springframework.boot.test.autoconfigure.web.servlet.MockMvcPrintOnlyOnFailureTestExecutionListener, org.springframework.boot.test.autoconfigure.web.servlet.WebDriverTestExecutionListener, org.springframework.boot.test.autoconfigure.webservices.client.MockWebServiceServerTestExecutionListener, org.springframework.boot.test.mock.mockito.MockitoTestExecutionListener, org.springframework.boot.test.mock.mockito.ResetMocksTestExecutionListener, org.springframework.test.context.web.ServletTestExecutionListener, org.springframework.test.context.support.DirtiesContextBeforeModesTestExecutionListener, org.springframework.test.context.event.ApplicationEventsTestExecutionListener, org.springframework.test.context.support.DependencyInjectionTestExecutionListener, org.springframework.test.context.support.DirtiesContextTestExecutionListener, org.springframework.test.context.transaction.TransactionalTestExecutionListener, org.springframework.test.context.jdbc.SqlScriptsTestExecutionListener, org.springframework.test.context.event.EventPublishingTestExecutionListener]
2022-04-22 15:32:26.940  INFO 1416 --- [    Test worker] .b.t.c.SpringBootTestContextBootstrapper : Using TestExecutionListeners: [org.springframework.test.context.web.ServletTestExecutionListener@531b5ac0, org.springframework.test.context.support.DirtiesContextBeforeModesTestExecutionListener@2fa03215, org.springframework.test.context.event.ApplicationEventsTestExecutionListener@600249fb, org.springframework.boot.test.mock.mockito.MockitoTestExecutionListener@586b0cf2, org.springframework.boot.test.autoconfigure.SpringBootDependencyInjectionTestExecutionListener@51af8065, org.springframework.test.context.support.DirtiesContextTestExecutionListener@7f3130df, org.springframework.test.context.transaction.TransactionalTestExecutionListener@d0ee353, org.springframework.test.context.jdbc.SqlScriptsTestExecutionListener@d82729c, org.springframework.test.context.event.EventPublishingTestExecutionListener@208367e1, org.springframework.boot.test.autoconfigure.restdocs.RestDocsTestExecutionListener@56c21ce6, org.springframework.boot.test.autoconfigure.web.client.MockRestServiceServerResetTestExecutionListener@2cac6916, org.springframework.boot.test.autoconfigure.web.servlet.MockMvcPrintOnlyOnFailureTestExecutionListener@3224f88d, org.springframework.boot.test.autoconfigure.web.servlet.WebDriverTestExecutionListener@9a32d47, org.springframework.boot.test.autoconfigure.webservices.client.MockWebServiceServerTestExecutionListener@4f4025b9, org.springframework.boot.test.mock.mockito.ResetMocksTestExecutionListener@6b019e]
]]></system-out>
  <system-err><![CDATA[]]></system-err>
</testsuite>
