<?xml version="1.0" encoding="UTF-8"?>
<testsuite name="com.mediscreen.patient.mediscreenPatientControllerTest" tests="5" skipped="0" failures="0" errors="0" timestamp="2022-04-12T12:47:29" hostname="iMac-de-Admin.local" time="0.407">
  <properties/>
  <testcase name="testGetPatients()" classname="com.mediscreen.patient.mediscreenPatientControllerTest" time="0.134"/>
  <testcase name="testGetPatient()" classname="com.mediscreen.patient.mediscreenPatientControllerTest" time="0.073"/>
  <testcase name="testUpdatePatient()" classname="com.mediscreen.patient.mediscreenPatientControllerTest" time="0.176"/>
  <testcase name="testDeletePatient()" classname="com.mediscreen.patient.mediscreenPatientControllerTest" time="0.007"/>
  <testcase name="testCreate()" classname="com.mediscreen.patient.mediscreenPatientControllerTest" time="0.01"/>
  <system-out><![CDATA[2022-04-12 14:47:23.722  INFO 762 --- [    Test worker] .b.t.a.w.s.WebMvcTestContextBootstrapper : Neither @ContextConfiguration nor @ContextHierarchy found for test class [com.mediscreen.patient.mediscreenPatientControllerTest], using SpringBootContextLoader
2022-04-12 14:47:23.724  INFO 762 --- [    Test worker] o.s.t.c.support.AbstractContextLoader    : Could not detect default resource locations for test class [com.mediscreen.patient.mediscreenPatientControllerTest]: no resource found for suffixes {-context.xml, Context.groovy}.
2022-04-12 14:47:23.724  INFO 762 --- [    Test worker] t.c.s.AnnotationConfigContextLoaderUtils : Could not detect default configuration classes for test class [com.mediscreen.patient.mediscreenPatientControllerTest]: mediscreenPatientControllerTest does not declare any static, non-private, non-final, nested classes annotated with @Configuration.
2022-04-12 14:47:23.745  INFO 762 --- [    Test worker] .b.t.c.SpringBootTestContextBootstrapper : Found @SpringBootConfiguration com.mediscreen.patient.MediscreenPatientApiApplication for test class com.mediscreen.patient.mediscreenPatientControllerTest
2022-04-12 14:47:23.746  INFO 762 --- [    Test worker] .b.t.a.w.s.WebMvcTestContextBootstrapper : Loaded default TestExecutionListener class names from location [META-INF/spring.factories]: [org.springframework.boot.test.autoconfigure.restdocs.RestDocsTestExecutionListener, org.springframework.boot.test.autoconfigure.web.client.MockRestServiceServerResetTestExecutionListener, org.springframework.boot.test.autoconfigure.web.servlet.MockMvcPrintOnlyOnFailureTestExecutionListener, org.springframework.boot.test.autoconfigure.web.servlet.WebDriverTestExecutionListener, org.springframework.boot.test.autoconfigure.webservices.client.MockWebServiceServerTestExecutionListener, org.springframework.boot.test.mock.mockito.MockitoTestExecutionListener, org.springframework.boot.test.mock.mockito.ResetMocksTestExecutionListener, org.springframework.test.context.web.ServletTestExecutionListener, org.springframework.test.context.support.DirtiesContextBeforeModesTestExecutionListener, org.springframework.test.context.event.ApplicationEventsTestExecutionListener, org.springframework.test.context.support.DependencyInjectionTestExecutionListener, org.springframework.test.context.support.DirtiesContextTestExecutionListener, org.springframework.test.context.transaction.TransactionalTestExecutionListener, org.springframework.test.context.jdbc.SqlScriptsTestExecutionListener, org.springframework.test.context.event.EventPublishingTestExecutionListener]
2022-04-12 14:47:23.747  INFO 762 --- [    Test worker] .b.t.a.w.s.WebMvcTestContextBootstrapper : Using TestExecutionListeners: [org.springframework.test.context.web.ServletTestExecutionListener@7a55c1ec, org.springframework.test.context.support.DirtiesContextBeforeModesTestExecutionListener@6ffe332c, org.springframework.test.context.event.ApplicationEventsTestExecutionListener@1ef8a54b, org.springframework.boot.test.mock.mockito.MockitoTestExecutionListener@6abb64d5, org.springframework.boot.test.autoconfigure.SpringBootDependencyInjectionTestExecutionListener@3e3582cf, org.springframework.test.context.support.DirtiesContextTestExecutionListener@20ccb176, org.springframework.test.context.transaction.TransactionalTestExecutionListener@7bc58ad9, org.springframework.test.context.jdbc.SqlScriptsTestExecutionListener@4a69d4b8, org.springframework.test.context.event.EventPublishingTestExecutionListener@58d804c0, org.springframework.boot.test.autoconfigure.restdocs.RestDocsTestExecutionListener@1d5a59ac, org.springframework.boot.test.autoconfigure.web.client.MockRestServiceServerResetTestExecutionListener@4a9e8b9c, org.springframework.boot.test.autoconfigure.web.servlet.MockMvcPrintOnlyOnFailureTestExecutionListener@4e565a63, org.springframework.boot.test.autoconfigure.web.servlet.WebDriverTestExecutionListener@56b0a96d, org.springframework.boot.test.autoconfigure.webservices.client.MockWebServiceServerTestExecutionListener@19e80d2e, org.springframework.boot.test.mock.mockito.ResetMocksTestExecutionListener@2794b7e4]

  .   ____          _            __ _ _
 /\\ / ___'_ __ _ _(_)_ __  __ _ \ \ \ \
( ( )\___ | '_ | '_| | '_ \/ _` | \ \ \ \
 \\/  ___)| |_)| | | | | || (_| |  ) ) ) )
  '  |____| .__|_| |_|_| |_\__, | / / / /
 =========|_|==============|___/=/_/_/_/
 :: Spring Boot ::                (v2.6.2)

2022-04-12 14:47:28.795  INFO 762 --- [    Test worker] c.m.p.mediscreenPatientControllerTest    : Starting mediscreenPatientControllerTest using Java 11.0.9.1 on iMac-de-Admin.local with PID 762 (started by mac in /Users/mac/Desktop/OC/eclipse-workplace/MediscreenPatientAPI)
2022-04-12 14:47:28.796  INFO 762 --- [    Test worker] c.m.p.mediscreenPatientControllerTest    : No active profile set, falling back to default profiles: default
2022-04-12 14:47:29.376  INFO 762 --- [    Test worker] o.s.b.t.m.w.SpringBootMockServletContext : Initializing Spring TestDispatcherServlet ''
2022-04-12 14:47:29.376  INFO 762 --- [    Test worker] o.s.t.web.servlet.TestDispatcherServlet  : Initializing Servlet ''
2022-04-12 14:47:29.377  INFO 762 --- [    Test worker] o.s.t.web.servlet.TestDispatcherServlet  : Completed initialization in 1 ms
2022-04-12 14:47:29.394  INFO 762 --- [    Test worker] c.m.p.mediscreenPatientControllerTest    : Started mediscreenPatientControllerTest in 5.642 seconds (JVM running for 21.585)
]]></system-out>
  <system-err><![CDATA[]]></system-err>
</testsuite>
