<?xml version="1.0" encoding="UTF-8"?>
<testsuite name="com.mediscreen.patient.mediscreenPatientServiceTest" tests="1" skipped="0" failures="0" errors="0" timestamp="2022-04-12T12:47:29" hostname="iMac-de-Admin.local" time="0.451">
  <properties/>
  <testcase name="patientServiceTest()" classname="com.mediscreen.patient.mediscreenPatientServiceTest" time="0.451"/>
  <system-out><![CDATA[2022-04-12 14:47:29.970  INFO 762 --- [    Test worker] .b.t.c.SpringBootTestContextBootstrapper : Neither @ContextConfiguration nor @ContextHierarchy found for test class [com.mediscreen.patient.mediscreenPatientServiceTest], using SpringBootContextLoader
2022-04-12 14:47:29.971  INFO 762 --- [    Test worker] o.s.t.c.support.AbstractContextLoader    : Could not detect default resource locations for test class [com.mediscreen.patient.mediscreenPatientServiceTest]: no resource found for suffixes {-context.xml, Context.groovy}.
2022-04-12 14:47:29.971  INFO 762 --- [    Test worker] t.c.s.AnnotationConfigContextLoaderUtils : Could not detect default configuration classes for test class [com.mediscreen.patient.mediscreenPatientServiceTest]: mediscreenPatientServiceTest does not declare any static, non-private, non-final, nested classes annotated with @Configuration.
2022-04-12 14:47:29.972  INFO 762 --- [    Test worker] .b.t.c.SpringBootTestContextBootstrapper : Found @SpringBootConfiguration com.mediscreen.patient.MediscreenPatientApiApplication for test class com.mediscreen.patient.mediscreenPatientServiceTest
2022-04-12 14:47:29.974  INFO 762 --- [    Test worker] .b.t.c.SpringBootTestContextBootstrapper : Loaded default TestExecutionListener class names from location [META-INF/spring.factories]: [org.springframework.boot.test.autoconfigure.restdocs.RestDocsTestExecutionListener, org.springframework.boot.test.autoconfigure.web.client.MockRestServiceServerResetTestExecutionListener, org.springframework.boot.test.autoconfigure.web.servlet.MockMvcPrintOnlyOnFailureTestExecutionListener, org.springframework.boot.test.autoconfigure.web.servlet.WebDriverTestExecutionListener, org.springframework.boot.test.autoconfigure.webservices.client.MockWebServiceServerTestExecutionListener, org.springframework.boot.test.mock.mockito.MockitoTestExecutionListener, org.springframework.boot.test.mock.mockito.ResetMocksTestExecutionListener, org.springframework.test.context.web.ServletTestExecutionListener, org.springframework.test.context.support.DirtiesContextBeforeModesTestExecutionListener, org.springframework.test.context.event.ApplicationEventsTestExecutionListener, org.springframework.test.context.support.DependencyInjectionTestExecutionListener, org.springframework.test.context.support.DirtiesContextTestExecutionListener, org.springframework.test.context.transaction.TransactionalTestExecutionListener, org.springframework.test.context.jdbc.SqlScriptsTestExecutionListener, org.springframework.test.context.event.EventPublishingTestExecutionListener]
2022-04-12 14:47:29.975  INFO 762 --- [    Test worker] .b.t.c.SpringBootTestContextBootstrapper : Using TestExecutionListeners: [org.springframework.test.context.web.ServletTestExecutionListener@6a368360, org.springframework.test.context.support.DirtiesContextBeforeModesTestExecutionListener@5294cc4d, org.springframework.test.context.event.ApplicationEventsTestExecutionListener@1517c8d2, org.springframework.boot.test.mock.mockito.MockitoTestExecutionListener@14f7dda6, org.springframework.boot.test.autoconfigure.SpringBootDependencyInjectionTestExecutionListener@4a8461db, org.springframework.test.context.support.DirtiesContextTestExecutionListener@3e862a62, org.springframework.test.context.transaction.TransactionalTestExecutionListener@157c2438, org.springframework.test.context.jdbc.SqlScriptsTestExecutionListener@3f4cc1dc, org.springframework.test.context.event.EventPublishingTestExecutionListener@562fe557, org.springframework.boot.test.autoconfigure.restdocs.RestDocsTestExecutionListener@59f500ca, org.springframework.boot.test.autoconfigure.web.client.MockRestServiceServerResetTestExecutionListener@2ddcb228, org.springframework.boot.test.autoconfigure.web.servlet.MockMvcPrintOnlyOnFailureTestExecutionListener@7447d46e, org.springframework.boot.test.autoconfigure.web.servlet.WebDriverTestExecutionListener@5d6b92ec, org.springframework.boot.test.autoconfigure.webservices.client.MockWebServiceServerTestExecutionListener@2c692adb, org.springframework.boot.test.mock.mockito.ResetMocksTestExecutionListener@64ec908c]
]]></system-out>
  <system-err><![CDATA[]]></system-err>
</testsuite>
