<?xml version="1.0" encoding="UTF-8"?>
<testsuite name="com.mediscreen.patient.mediscreenPatientServiceTest" tests="1" skipped="0" failures="0" errors="0" timestamp="2022-04-22T13:32:27" hostname="iMac-de-Admin.local" time="0.487">
  <properties/>
  <testcase name="patientServiceTest()" classname="com.mediscreen.patient.mediscreenPatientServiceTest" time="0.487"/>
  <system-out><![CDATA[2022-04-22 15:32:27.102  INFO 1416 --- [    Test worker] .b.t.c.SpringBootTestContextBootstrapper : Neither @ContextConfiguration nor @ContextHierarchy found for test class [com.mediscreen.patient.mediscreenPatientServiceTest], using SpringBootContextLoader
2022-04-22 15:32:27.103  INFO 1416 --- [    Test worker] o.s.t.c.support.AbstractContextLoader    : Could not detect default resource locations for test class [com.mediscreen.patient.mediscreenPatientServiceTest]: no resource found for suffixes {-context.xml, Context.groovy}.
2022-04-22 15:32:27.104  INFO 1416 --- [    Test worker] t.c.s.AnnotationConfigContextLoaderUtils : Could not detect default configuration classes for test class [com.mediscreen.patient.mediscreenPatientServiceTest]: mediscreenPatientServiceTest does not declare any static, non-private, non-final, nested classes annotated with @Configuration.
2022-04-22 15:32:27.105  INFO 1416 --- [    Test worker] .b.t.c.SpringBootTestContextBootstrapper : Found @SpringBootConfiguration com.mediscreen.patient.MediscreenPatientApiApplication for test class com.mediscreen.patient.mediscreenPatientServiceTest
2022-04-22 15:32:27.107  INFO 1416 --- [    Test worker] .b.t.c.SpringBootTestContextBootstrapper : Loaded default TestExecutionListener class names from location [META-INF/spring.factories]: [org.springframework.boot.test.autoconfigure.restdocs.RestDocsTestExecutionListener, org.springframework.boot.test.autoconfigure.web.client.MockRestServiceServerResetTestExecutionListener, org.springframework.boot.test.autoconfigure.web.servlet.MockMvcPrintOnlyOnFailureTestExecutionListener, org.springframework.boot.test.autoconfigure.web.servlet.WebDriverTestExecutionListener, org.springframework.boot.test.autoconfigure.webservices.client.MockWebServiceServerTestExecutionListener, org.springframework.boot.test.mock.mockito.MockitoTestExecutionListener, org.springframework.boot.test.mock.mockito.ResetMocksTestExecutionListener, org.springframework.test.context.web.ServletTestExecutionListener, org.springframework.test.context.support.DirtiesContextBeforeModesTestExecutionListener, org.springframework.test.context.event.ApplicationEventsTestExecutionListener, org.springframework.test.context.support.DependencyInjectionTestExecutionListener, org.springframework.test.context.support.DirtiesContextTestExecutionListener, org.springframework.test.context.transaction.TransactionalTestExecutionListener, org.springframework.test.context.jdbc.SqlScriptsTestExecutionListener, org.springframework.test.context.event.EventPublishingTestExecutionListener]
2022-04-22 15:32:27.108  INFO 1416 --- [    Test worker] .b.t.c.SpringBootTestContextBootstrapper : Using TestExecutionListeners: [org.springframework.test.context.web.ServletTestExecutionListener@54cfffee, org.springframework.test.context.support.DirtiesContextBeforeModesTestExecutionListener@1ce478b9, org.springframework.test.context.event.ApplicationEventsTestExecutionListener@7fa1691b, org.springframework.boot.test.mock.mockito.MockitoTestExecutionListener@59c09d4a, org.springframework.boot.test.autoconfigure.SpringBootDependencyInjectionTestExecutionListener@725b2913, org.springframework.test.context.support.DirtiesContextTestExecutionListener@4dc5a651, org.springframework.test.context.transaction.TransactionalTestExecutionListener@3958f743, org.springframework.test.context.jdbc.SqlScriptsTestExecutionListener@642f17ef, org.springframework.test.context.event.EventPublishingTestExecutionListener@4f17b9c8, org.springframework.boot.test.autoconfigure.restdocs.RestDocsTestExecutionListener@2f806955, org.springframework.boot.test.autoconfigure.web.client.MockRestServiceServerResetTestExecutionListener@519c6109, org.springframework.boot.test.autoconfigure.web.servlet.MockMvcPrintOnlyOnFailureTestExecutionListener@4d1084ba, org.springframework.boot.test.autoconfigure.web.servlet.WebDriverTestExecutionListener@3f3bbd29, org.springframework.boot.test.autoconfigure.webservices.client.MockWebServiceServerTestExecutionListener@13ddb15a, org.springframework.boot.test.mock.mockito.ResetMocksTestExecutionListener@217b0e01]
]]></system-out>
  <system-err><![CDATA[]]></system-err>
</testsuite>
